<?xml version="1.0" encoding="UTF-8"?>
<!-- Generated by org.testng.reporters.JUnitXMLReporter -->
<testsuite hostname="QTLSYS2-47-PC" ignored="0" name="Test" tests="60" failures="4" timestamp="24 Dec 2024 18:28:56 GMT" time="602.761" errors="0">
  <testcase name="storeLogin" time="7.469" classname="TestCases.BuyBackPaymentTest"/>
  <testcase name="performAdvanceSearch" time="17.159" classname="TestCases.BuyBackPaymentTest"/>
  <testcase name="LoanLink" time="10.168" classname="TestCases.BuyBackPaymentTest"/>
  <testcase name="ActionsBtn" time="22.333" classname="TestCases.BuyBackPaymentTest"/>
  <testcase name="buypayemt" time="14.55" classname="TestCases.BuyBackPaymentTest"/>
  <testcase name="authorization" time="15.414" classname="TestCases.BuyBackPaymentTest"/>
  <testcase name="storeLogin" time="2.309" classname="TestCases.VoidBuybackTest"/>
  <testcase name="performAdvanceSearch" time="6.983" classname="TestCases.VoidBuybackTest"/>
  <testcase name="LoanLink" time="5.036" classname="TestCases.VoidBuybackTest"/>
  <testcase name="ActionsBtn" time="12.333" classname="TestCases.VoidBuybackTest"/>
  <testcase name="voiddef" time="12.641" classname="TestCases.VoidBuybackTest"/>
  <testcase name="authorization" time="9.357" classname="TestCases.VoidBuybackTest"/>
  <testcase name="storeLogin" time="2.904" classname="TestCases.DefaultPartialpaymentTest"/>
  <testcase name="performAdvanceSearch" time="7.039" classname="TestCases.DefaultPartialpaymentTest"/>
  <testcase name="LoanLink" time="0.847" classname="TestCases.DefaultPartialpaymentTest"/>
  <testcase name="ActionsBtn" time="5.586" classname="TestCases.DefaultPartialpaymentTest"/>
  <testcase name="defpayemt" time="9.623" classname="TestCases.DefaultPartialpaymentTest"/>
  <testcase name="authorization" time="7.678" classname="TestCases.DefaultPartialpaymentTest">
    <failure type="java.lang.AssertionError" message="Test failed due to an exception: stale element reference: element is not attached to the page document
  (Session info: chrome=131.0.6778.205)
  (Driver info: chromedriver=2.42.591088 (7b2b2dca23cca0862f674758c9a3933e685c27d5),platform=Windows NT 10.0.19045 x86_64) (WARNING: The server did not provide any stacktrace information)
Command duration or timeout: 0 milliseconds
For documentation on this error, please visit: http://seleniumhq.org/exceptions/stale_element_reference.html
Build info: version: &amp;apos;3.14.0&amp;apos;, revision: &amp;apos;aacccce0&amp;apos;, time: &amp;apos;2018-08-02T20:19:58.91Z&amp;apos;
System info: host: &amp;apos;QTLSYS2-47-PC&amp;apos;, ip: &amp;apos;10.7.7.67&amp;apos;, os.name: &amp;apos;Windows 10&amp;apos;, os.arch: &amp;apos;amd64&amp;apos;, os.version: &amp;apos;10.0&amp;apos;, java.version: &amp;apos;1.8.0_212-3-redhat&amp;apos;
Driver info: org.openqa.selenium.chrome.ChromeDriver
Capabilities {acceptInsecureCerts: false, acceptSslCerts: false, applicationCacheEnabled: false, browserConnectionEnabled: false, browserName: chrome, chrome: {chromedriverVersion: 2.42.591088 (7b2b2dca23cca0..., userDataDir: C:\Users\DURGAP~1.G\AppData...}, cssSelectorsEnabled: true, databaseEnabled: false, goog:chromeOptions: {debuggerAddress: localhost:59307}, handlesAlerts: true, hasTouchScreen: false, javascriptEnabled: true, locationContextEnabled: true, mobileEmulationEnabled: false, nativeEvents: true, networkConnectionEnabled: false, pageLoadStrategy: normal, platform: XP, platformName: XP, rotatable: false, setWindowRect: true, takesHeapSnapshot: true, takesScreenshot: true, unexpectedAlertBehaviour: , unhandledPromptBehavior: , version: 131.0.6778.205, webStorageEnabled: true}
Session ID: 42dbf23f8bd0d35d9f78d33c104d5799">
      <![CDATA[java.lang.AssertionError: Test failed due to an exception: stale element reference: element is not attached to the page document
  (Session info: chrome=131.0.6778.205)
  (Driver info: chromedriver=2.42.591088 (7b2b2dca23cca0862f674758c9a3933e685c27d5),platform=Windows NT 10.0.19045 x86_64) (WARNING: The server did not provide any stacktrace information)
Command duration or timeout: 0 milliseconds
For documentation on this error, please visit: http://seleniumhq.org/exceptions/stale_element_reference.html
Build info: version: '3.14.0', revision: 'aacccce0', time: '2018-08-02T20:19:58.91Z'
System info: host: 'QTLSYS2-47-PC', ip: '10.7.7.67', os.name: 'Windows 10', os.arch: 'amd64', os.version: '10.0', java.version: '1.8.0_212-3-redhat'
Driver info: org.openqa.selenium.chrome.ChromeDriver
Capabilities {acceptInsecureCerts: false, acceptSslCerts: false, applicationCacheEnabled: false, browserConnectionEnabled: false, browserName: chrome, chrome: {chromedriverVersion: 2.42.591088 (7b2b2dca23cca0..., userDataDir: C:\Users\DURGAP~1.G\AppData...}, cssSelectorsEnabled: true, databaseEnabled: false, goog:chromeOptions: {debuggerAddress: localhost:59307}, handlesAlerts: true, hasTouchScreen: false, javascriptEnabled: true, locationContextEnabled: true, mobileEmulationEnabled: false, nativeEvents: true, networkConnectionEnabled: false, pageLoadStrategy: normal, platform: XP, platformName: XP, rotatable: false, setWindowRect: true, takesHeapSnapshot: true, takesScreenshot: true, unexpectedAlertBehaviour: , unhandledPromptBehavior: , version: 131.0.6778.205, webStorageEnabled: true}
Session ID: 42dbf23f8bd0d35d9f78d33c104d5799
at TestCases.DefaultPartialpaymentTest.authorization(DefaultPartialpaymentTest.java:201)
... Removed 26 stack frames]]>
    </failure>
  </testcase> <!-- authorization -->
  <testcase name="storeLogin" time="2.362" classname="TestCases.VoidDefaultPartialpaymentTest"/>
  <testcase name="performAdvanceSearch" time="6.959" classname="TestCases.VoidDefaultPartialpaymentTest"/>
  <testcase name="LoanLink" time="0.806" classname="TestCases.VoidDefaultPartialpaymentTest"/>
  <testcase name="ActionsBtn" time="5.553" classname="TestCases.VoidDefaultPartialpaymentTest"/>
  <testcase name="voiddef" time="12.592" classname="TestCases.VoidDefaultPartialpaymentTest"/>
  <testcase name="authorization" time="6.971" classname="TestCases.VoidDefaultPartialpaymentTest"/>
  <testcase name="storeLogin" time="2.805" classname="TestCases.DefaultFullpaymentTest"/>
  <testcase name="performAdvanceSearch" time="6.994" classname="TestCases.DefaultFullpaymentTest"/>
  <testcase name="LoanLink" time="0.86" classname="TestCases.DefaultFullpaymentTest"/>
  <testcase name="ActionsBtn" time="5.437" classname="TestCases.DefaultFullpaymentTest"/>
  <testcase name="defpayemt" time="9.473" classname="TestCases.DefaultFullpaymentTest"/>
  <testcase name="authorization" time="9.878" classname="TestCases.DefaultFullpaymentTest">
    <failure type="java.lang.AssertionError" message="Test failed due to an exception: stale element reference: element is not attached to the page document
  (Session info: chrome=131.0.6778.205)
  (Driver info: chromedriver=2.42.591088 (7b2b2dca23cca0862f674758c9a3933e685c27d5),platform=Windows NT 10.0.19045 x86_64) (WARNING: The server did not provide any stacktrace information)
Command duration or timeout: 0 milliseconds
For documentation on this error, please visit: http://seleniumhq.org/exceptions/stale_element_reference.html
Build info: version: &amp;apos;3.14.0&amp;apos;, revision: &amp;apos;aacccce0&amp;apos;, time: &amp;apos;2018-08-02T20:19:58.91Z&amp;apos;
System info: host: &amp;apos;QTLSYS2-47-PC&amp;apos;, ip: &amp;apos;10.7.7.67&amp;apos;, os.name: &amp;apos;Windows 10&amp;apos;, os.arch: &amp;apos;amd64&amp;apos;, os.version: &amp;apos;10.0&amp;apos;, java.version: &amp;apos;1.8.0_212-3-redhat&amp;apos;
Driver info: org.openqa.selenium.chrome.ChromeDriver
Capabilities {acceptInsecureCerts: false, acceptSslCerts: false, applicationCacheEnabled: false, browserConnectionEnabled: false, browserName: chrome, chrome: {chromedriverVersion: 2.42.591088 (7b2b2dca23cca0..., userDataDir: C:\Users\DURGAP~1.G\AppData...}, cssSelectorsEnabled: true, databaseEnabled: false, goog:chromeOptions: {debuggerAddress: localhost:59511}, handlesAlerts: true, hasTouchScreen: false, javascriptEnabled: true, locationContextEnabled: true, mobileEmulationEnabled: false, nativeEvents: true, networkConnectionEnabled: false, pageLoadStrategy: normal, platform: XP, platformName: XP, rotatable: false, setWindowRect: true, takesHeapSnapshot: true, takesScreenshot: true, unexpectedAlertBehaviour: , unhandledPromptBehavior: , version: 131.0.6778.205, webStorageEnabled: true}
Session ID: 506476793758cf0fe0697d99bc844ff7">
      <![CDATA[java.lang.AssertionError: Test failed due to an exception: stale element reference: element is not attached to the page document
  (Session info: chrome=131.0.6778.205)
  (Driver info: chromedriver=2.42.591088 (7b2b2dca23cca0862f674758c9a3933e685c27d5),platform=Windows NT 10.0.19045 x86_64) (WARNING: The server did not provide any stacktrace information)
Command duration or timeout: 0 milliseconds
For documentation on this error, please visit: http://seleniumhq.org/exceptions/stale_element_reference.html
Build info: version: '3.14.0', revision: 'aacccce0', time: '2018-08-02T20:19:58.91Z'
System info: host: 'QTLSYS2-47-PC', ip: '10.7.7.67', os.name: 'Windows 10', os.arch: 'amd64', os.version: '10.0', java.version: '1.8.0_212-3-redhat'
Driver info: org.openqa.selenium.chrome.ChromeDriver
Capabilities {acceptInsecureCerts: false, acceptSslCerts: false, applicationCacheEnabled: false, browserConnectionEnabled: false, browserName: chrome, chrome: {chromedriverVersion: 2.42.591088 (7b2b2dca23cca0..., userDataDir: C:\Users\DURGAP~1.G\AppData...}, cssSelectorsEnabled: true, databaseEnabled: false, goog:chromeOptions: {debuggerAddress: localhost:59511}, handlesAlerts: true, hasTouchScreen: false, javascriptEnabled: true, locationContextEnabled: true, mobileEmulationEnabled: false, nativeEvents: true, networkConnectionEnabled: false, pageLoadStrategy: normal, platform: XP, platformName: XP, rotatable: false, setWindowRect: true, takesHeapSnapshot: true, takesScreenshot: true, unexpectedAlertBehaviour: , unhandledPromptBehavior: , version: 131.0.6778.205, webStorageEnabled: true}
Session ID: 506476793758cf0fe0697d99bc844ff7
at TestCases.DefaultFullpaymentTest.authorization(DefaultFullpaymentTest.java:195)
... Removed 26 stack frames]]>
    </failure>
  </testcase> <!-- authorization -->
  <testcase name="storeLogin" time="2.539" classname="TestCases.VoidDefaultFullpaymentTest"/>
  <testcase name="performAdvanceSearch" time="6.997" classname="TestCases.VoidDefaultFullpaymentTest"/>
  <testcase name="LoanLink" time="0.874" classname="TestCases.VoidDefaultFullpaymentTest"/>
  <testcase name="ActionsBtn" time="5.559" classname="TestCases.VoidDefaultFullpaymentTest"/>
  <testcase name="voiddef" time="12.563" classname="TestCases.VoidDefaultFullpaymentTest"/>
  <testcase name="authorization" time="7.04" classname="TestCases.VoidDefaultFullpaymentTest"/>
  <testcase name="storeLogin" time="2.695" classname="TestCases.EPPPartialPaymentTest"/>
  <testcase name="performAdvanceSearch" time="6.975" classname="TestCases.EPPPartialPaymentTest"/>
  <testcase name="LoanLink" time="4.119" classname="TestCases.EPPPartialPaymentTest"/>
  <testcase name="ActionsBtn" time="11.028" classname="TestCases.EPPPartialPaymentTest"/>
  <testcase name="paymentplan" time="9.617" classname="TestCases.EPPPartialPaymentTest"/>
  <testcase name="authorization" time="7.521" classname="TestCases.EPPPartialPaymentTest">
    <failure type="java.lang.AssertionError" message="Test failed in method authorization due to an exception: stale element reference: element is not attached to the page document
  (Session info: chrome=131.0.6778.205)
  (Driver info: chromedriver=2.42.591088 (7b2b2dca23cca0862f674758c9a3933e685c27d5),platform=Windows NT 10.0.19045 x86_64) (WARNING: The server did not provide any stacktrace information)
Command duration or timeout: 0 milliseconds
For documentation on this error, please visit: http://seleniumhq.org/exceptions/stale_element_reference.html
Build info: version: &amp;apos;3.14.0&amp;apos;, revision: &amp;apos;aacccce0&amp;apos;, time: &amp;apos;2018-08-02T20:19:58.91Z&amp;apos;
System info: host: &amp;apos;QTLSYS2-47-PC&amp;apos;, ip: &amp;apos;10.7.7.67&amp;apos;, os.name: &amp;apos;Windows 10&amp;apos;, os.arch: &amp;apos;amd64&amp;apos;, os.version: &amp;apos;10.0&amp;apos;, java.version: &amp;apos;1.8.0_212-3-redhat&amp;apos;
Driver info: org.openqa.selenium.chrome.ChromeDriver
Capabilities {acceptInsecureCerts: false, acceptSslCerts: false, applicationCacheEnabled: false, browserConnectionEnabled: false, browserName: chrome, chrome: {chromedriverVersion: 2.42.591088 (7b2b2dca23cca0..., userDataDir: C:\Users\DURGAP~1.G\AppData...}, cssSelectorsEnabled: true, databaseEnabled: false, goog:chromeOptions: {debuggerAddress: localhost:59647}, handlesAlerts: true, hasTouchScreen: false, javascriptEnabled: true, locationContextEnabled: true, mobileEmulationEnabled: false, nativeEvents: true, networkConnectionEnabled: false, pageLoadStrategy: normal, platform: XP, platformName: XP, rotatable: false, setWindowRect: true, takesHeapSnapshot: true, takesScreenshot: true, unexpectedAlertBehaviour: , unhandledPromptBehavior: , version: 131.0.6778.205, webStorageEnabled: true}
Session ID: 27b6b26181b171aeaffe70838922188f">
      <![CDATA[java.lang.AssertionError: Test failed in method authorization due to an exception: stale element reference: element is not attached to the page document
  (Session info: chrome=131.0.6778.205)
  (Driver info: chromedriver=2.42.591088 (7b2b2dca23cca0862f674758c9a3933e685c27d5),platform=Windows NT 10.0.19045 x86_64) (WARNING: The server did not provide any stacktrace information)
Command duration or timeout: 0 milliseconds
For documentation on this error, please visit: http://seleniumhq.org/exceptions/stale_element_reference.html
Build info: version: '3.14.0', revision: 'aacccce0', time: '2018-08-02T20:19:58.91Z'
System info: host: 'QTLSYS2-47-PC', ip: '10.7.7.67', os.name: 'Windows 10', os.arch: 'amd64', os.version: '10.0', java.version: '1.8.0_212-3-redhat'
Driver info: org.openqa.selenium.chrome.ChromeDriver
Capabilities {acceptInsecureCerts: false, acceptSslCerts: false, applicationCacheEnabled: false, browserConnectionEnabled: false, browserName: chrome, chrome: {chromedriverVersion: 2.42.591088 (7b2b2dca23cca0..., userDataDir: C:\Users\DURGAP~1.G\AppData...}, cssSelectorsEnabled: true, databaseEnabled: false, goog:chromeOptions: {debuggerAddress: localhost:59647}, handlesAlerts: true, hasTouchScreen: false, javascriptEnabled: true, locationContextEnabled: true, mobileEmulationEnabled: false, nativeEvents: true, networkConnectionEnabled: false, pageLoadStrategy: normal, platform: XP, platformName: XP, rotatable: false, setWindowRect: true, takesHeapSnapshot: true, takesScreenshot: true, unexpectedAlertBehaviour: , unhandledPromptBehavior: , version: 131.0.6778.205, webStorageEnabled: true}
Session ID: 27b6b26181b171aeaffe70838922188f
at TestCases.EPPPartialPaymentTest.authorization(EPPPartialPaymentTest.java:194)
... Removed 26 stack frames]]>
    </failure>
  </testcase> <!-- authorization -->
  <testcase name="storeLogin" time="2.117" classname="TestCases.VoidPartialEppPaymentTest"/>
  <testcase name="performAdvanceSearch" time="6.925" classname="TestCases.VoidPartialEppPaymentTest"/>
  <testcase name="LoanLink" time="4.035" classname="TestCases.VoidPartialEppPaymentTest"/>
  <testcase name="ActionsBtn" time="11.494" classname="TestCases.VoidPartialEppPaymentTest"/>
  <testcase name="voidEpp" time="12.642" classname="TestCases.VoidPartialEppPaymentTest"/>
  <testcase name="authorization" time="7.122" classname="TestCases.VoidPartialEppPaymentTest"/>
  <testcase name="storeLogin" time="2.346" classname="TestCases.EPPFullPaymentTest"/>
  <testcase name="performAdvanceSearch" time="6.967" classname="TestCases.EPPFullPaymentTest"/>
  <testcase name="LoanLink" time="4.086" classname="TestCases.EPPFullPaymentTest"/>
  <testcase name="ActionsBtn" time="11.761" classname="TestCases.EPPFullPaymentTest"/>
  <testcase name="paymentplan" time="9.896" classname="TestCases.EPPFullPaymentTest"/>
  <testcase name="authorization" time="7.587" classname="TestCases.EPPFullPaymentTest">
    <failure type="java.lang.AssertionError" message="Test failed due to an exception in authorization method: stale element reference: element is not attached to the page document
  (Session info: chrome=131.0.6778.205)
  (Driver info: chromedriver=2.42.591088 (7b2b2dca23cca0862f674758c9a3933e685c27d5),platform=Windows NT 10.0.19045 x86_64) (WARNING: The server did not provide any stacktrace information)
Command duration or timeout: 0 milliseconds
For documentation on this error, please visit: http://seleniumhq.org/exceptions/stale_element_reference.html
Build info: version: &amp;apos;3.14.0&amp;apos;, revision: &amp;apos;aacccce0&amp;apos;, time: &amp;apos;2018-08-02T20:19:58.91Z&amp;apos;
System info: host: &amp;apos;QTLSYS2-47-PC&amp;apos;, ip: &amp;apos;10.7.7.67&amp;apos;, os.name: &amp;apos;Windows 10&amp;apos;, os.arch: &amp;apos;amd64&amp;apos;, os.version: &amp;apos;10.0&amp;apos;, java.version: &amp;apos;1.8.0_212-3-redhat&amp;apos;
Driver info: org.openqa.selenium.chrome.ChromeDriver
Capabilities {acceptInsecureCerts: false, acceptSslCerts: false, applicationCacheEnabled: false, browserConnectionEnabled: false, browserName: chrome, chrome: {chromedriverVersion: 2.42.591088 (7b2b2dca23cca0..., userDataDir: C:\Users\DURGAP~1.G\AppData...}, cssSelectorsEnabled: true, databaseEnabled: false, goog:chromeOptions: {debuggerAddress: localhost:59786}, handlesAlerts: true, hasTouchScreen: false, javascriptEnabled: true, locationContextEnabled: true, mobileEmulationEnabled: false, nativeEvents: true, networkConnectionEnabled: false, pageLoadStrategy: normal, platform: XP, platformName: XP, rotatable: false, setWindowRect: true, takesHeapSnapshot: true, takesScreenshot: true, unexpectedAlertBehaviour: , unhandledPromptBehavior: , version: 131.0.6778.205, webStorageEnabled: true}
Session ID: e9e8dd0c3adac1785075279e37869705">
      <![CDATA[java.lang.AssertionError: Test failed due to an exception in authorization method: stale element reference: element is not attached to the page document
  (Session info: chrome=131.0.6778.205)
  (Driver info: chromedriver=2.42.591088 (7b2b2dca23cca0862f674758c9a3933e685c27d5),platform=Windows NT 10.0.19045 x86_64) (WARNING: The server did not provide any stacktrace information)
Command duration or timeout: 0 milliseconds
For documentation on this error, please visit: http://seleniumhq.org/exceptions/stale_element_reference.html
Build info: version: '3.14.0', revision: 'aacccce0', time: '2018-08-02T20:19:58.91Z'
System info: host: 'QTLSYS2-47-PC', ip: '10.7.7.67', os.name: 'Windows 10', os.arch: 'amd64', os.version: '10.0', java.version: '1.8.0_212-3-redhat'
Driver info: org.openqa.selenium.chrome.ChromeDriver
Capabilities {acceptInsecureCerts: false, acceptSslCerts: false, applicationCacheEnabled: false, browserConnectionEnabled: false, browserName: chrome, chrome: {chromedriverVersion: 2.42.591088 (7b2b2dca23cca0..., userDataDir: C:\Users\DURGAP~1.G\AppData...}, cssSelectorsEnabled: true, databaseEnabled: false, goog:chromeOptions: {debuggerAddress: localhost:59786}, handlesAlerts: true, hasTouchScreen: false, javascriptEnabled: true, locationContextEnabled: true, mobileEmulationEnabled: false, nativeEvents: true, networkConnectionEnabled: false, pageLoadStrategy: normal, platform: XP, platformName: XP, rotatable: false, setWindowRect: true, takesHeapSnapshot: true, takesScreenshot: true, unexpectedAlertBehaviour: , unhandledPromptBehavior: , version: 131.0.6778.205, webStorageEnabled: true}
Session ID: e9e8dd0c3adac1785075279e37869705
at TestCases.EPPFullPaymentTest.authorization(EPPFullPaymentTest.java:211)
... Removed 26 stack frames]]>
    </failure>
  </testcase> <!-- authorization -->
  <testcase name="storeLogin" time="2.159" classname="TestCases.VoidFullEppPaymentTest"/>
  <testcase name="performAdvanceSearch" time="7.004" classname="TestCases.VoidFullEppPaymentTest"/>
  <testcase name="LoanLink" time="4.152" classname="TestCases.VoidFullEppPaymentTest"/>
  <testcase name="ActionsBtn" time="11.092" classname="TestCases.VoidFullEppPaymentTest"/>
  <testcase name="voidEpp" time="12.6" classname="TestCases.VoidFullEppPaymentTest"/>
  <testcase name="authorization" time="6.787" classname="TestCases.VoidFullEppPaymentTest"/>
</testsuite> <!-- Test -->
