<?xml version="1.0" encoding="UTF-8"?>
<testng-results skipped="0" failed="1" ignored="0" total="6" passed="5">
  <reporter-output>
  </reporter-output>
  <suite name="Default suite" duration-ms="49420" started-at="2024-12-25T05:23:55Z" finished-at="2024-12-25T05:24:44Z">
    <groups>
    </groups>
    <test name="Default test" duration-ms="49420" started-at="2024-12-25T05:23:55Z" finished-at="2024-12-25T05:24:44Z">
      <class name="TestCases.DefaultPartialpaymentTest">
        <test-method status="PASS" signature="log_in()[pri:0, instance:TestCases.DefaultPartialpaymentTest@148080bb]" name="log_in" is-config="true" duration-ms="10729" started-at="2024-12-25T05:23:55Z" finished-at="2024-12-25T05:24:05Z">
          <reporter-output>
          </reporter-output>
        </test-method> <!-- log_in -->
        <test-method status="PASS" signature="storeLogin()[pri:0, instance:TestCases.DefaultPartialpaymentTest@148080bb]" name="storeLogin" duration-ms="2729" started-at="2024-12-25T05:24:05Z" finished-at="2024-12-25T05:24:08Z">
          <reporter-output>
          </reporter-output>
        </test-method> <!-- storeLogin -->
        <test-method status="PASS" signature="performAdvanceSearch()[pri:0, instance:TestCases.DefaultPartialpaymentTest@148080bb]" name="performAdvanceSearch" duration-ms="7001" started-at="2024-12-25T05:24:08Z" depends-on-methods="TestCases.DefaultPartialpaymentTest.storeLogin" finished-at="2024-12-25T05:24:15Z">
          <reporter-output>
          </reporter-output>
        </test-method> <!-- performAdvanceSearch -->
        <test-method status="PASS" signature="LoanLink()[pri:0, instance:TestCases.DefaultPartialpaymentTest@148080bb]" name="LoanLink" duration-ms="981" started-at="2024-12-25T05:24:15Z" depends-on-methods="TestCases.DefaultPartialpaymentTest.performAdvanceSearch" finished-at="2024-12-25T05:24:16Z">
          <reporter-output>
          </reporter-output>
        </test-method> <!-- LoanLink -->
        <test-method status="PASS" signature="ActionsBtn()[pri:0, instance:TestCases.DefaultPartialpaymentTest@148080bb]" name="ActionsBtn" duration-ms="6049" started-at="2024-12-25T05:24:16Z" depends-on-methods="TestCases.DefaultPartialpaymentTest.LoanLink" finished-at="2024-12-25T05:24:22Z">
          <reporter-output>
          </reporter-output>
        </test-method> <!-- ActionsBtn -->
        <test-method status="PASS" signature="defpayemt()[pri:0, instance:TestCases.DefaultPartialpaymentTest@148080bb]" name="defpayemt" duration-ms="9605" started-at="2024-12-25T05:24:22Z" depends-on-methods="TestCases.DefaultPartialpaymentTest.ActionsBtn" finished-at="2024-12-25T05:24:32Z">
          <reporter-output>
          </reporter-output>
        </test-method> <!-- defpayemt -->
        <test-method status="FAIL" signature="authorization()[pri:0, instance:TestCases.DefaultPartialpaymentTest@148080bb]" name="authorization" duration-ms="7908" started-at="2024-12-25T05:24:32Z" depends-on-methods="TestCases.DefaultPartialpaymentTest.defpayemt" finished-at="2024-12-25T05:24:40Z">
          <exception class="java.lang.AssertionError">
            <message>
              <![CDATA[Test failed due to an exception: stale element reference: element is not attached to the page document
  (Session info: chrome=131.0.6778.205)
  (Driver info: chromedriver=2.42.591088 (7b2b2dca23cca0862f674758c9a3933e685c27d5),platform=Windows NT 10.0.19045 x86_64) (WARNING: The server did not provide any stacktrace information)
Command duration or timeout: 0 milliseconds
For documentation on this error, please visit: http://seleniumhq.org/exceptions/stale_element_reference.html
Build info: version: '3.14.0', revision: 'aacccce0', time: '2018-08-02T20:19:58.91Z'
System info: host: 'QTLSYS2-47-PC', ip: '192.168.2.47', os.name: 'Windows 10', os.arch: 'amd64', os.version: '10.0', java.version: '1.8.0_212-3-redhat'
Driver info: org.openqa.selenium.chrome.ChromeDriver
Capabilities {acceptInsecureCerts: false, acceptSslCerts: false, applicationCacheEnabled: false, browserConnectionEnabled: false, browserName: chrome, chrome: {chromedriverVersion: 2.42.591088 (7b2b2dca23cca0..., userDataDir: C:\Users\DURGAP~1.G\AppData...}, cssSelectorsEnabled: true, databaseEnabled: false, goog:chromeOptions: {debuggerAddress: localhost:49992}, handlesAlerts: true, hasTouchScreen: false, javascriptEnabled: true, locationContextEnabled: true, mobileEmulationEnabled: false, nativeEvents: true, networkConnectionEnabled: false, pageLoadStrategy: normal, platform: XP, platformName: XP, rotatable: false, setWindowRect: true, takesHeapSnapshot: true, takesScreenshot: true, unexpectedAlertBehaviour: , unhandledPromptBehavior: , version: 131.0.6778.205, webStorageEnabled: true}
Session ID: 7b3d46cd01d2197f9ba0a73b8e8163bc]]>
            </message>
            <full-stacktrace>
              <![CDATA[java.lang.AssertionError: Test failed due to an exception: stale element reference: element is not attached to the page document
  (Session info: chrome=131.0.6778.205)
  (Driver info: chromedriver=2.42.591088 (7b2b2dca23cca0862f674758c9a3933e685c27d5),platform=Windows NT 10.0.19045 x86_64) (WARNING: The server did not provide any stacktrace information)
Command duration or timeout: 0 milliseconds
For documentation on this error, please visit: http://seleniumhq.org/exceptions/stale_element_reference.html
Build info: version: '3.14.0', revision: 'aacccce0', time: '2018-08-02T20:19:58.91Z'
System info: host: 'QTLSYS2-47-PC', ip: '192.168.2.47', os.name: 'Windows 10', os.arch: 'amd64', os.version: '10.0', java.version: '1.8.0_212-3-redhat'
Driver info: org.openqa.selenium.chrome.ChromeDriver
Capabilities {acceptInsecureCerts: false, acceptSslCerts: false, applicationCacheEnabled: false, browserConnectionEnabled: false, browserName: chrome, chrome: {chromedriverVersion: 2.42.591088 (7b2b2dca23cca0..., userDataDir: C:\Users\DURGAP~1.G\AppData...}, cssSelectorsEnabled: true, databaseEnabled: false, goog:chromeOptions: {debuggerAddress: localhost:49992}, handlesAlerts: true, hasTouchScreen: false, javascriptEnabled: true, locationContextEnabled: true, mobileEmulationEnabled: false, nativeEvents: true, networkConnectionEnabled: false, pageLoadStrategy: normal, platform: XP, platformName: XP, rotatable: false, setWindowRect: true, takesHeapSnapshot: true, takesScreenshot: true, unexpectedAlertBehaviour: , unhandledPromptBehavior: , version: 131.0.6778.205, webStorageEnabled: true}
Session ID: 7b3d46cd01d2197f9ba0a73b8e8163bc
at org.testng.Assert.fail(Assert.java:96)
at TestCases.DefaultPartialpaymentTest.authorization(DefaultPartialpaymentTest.java:201)
at sun.reflect.NativeMethodAccessorImpl.invoke0(Native Method)
at sun.reflect.NativeMethodAccessorImpl.invoke(NativeMethodAccessorImpl.java:62)
at sun.reflect.DelegatingMethodAccessorImpl.invoke(DelegatingMethodAccessorImpl.java:43)
at java.lang.reflect.Method.invoke(Method.java:498)
at org.testng.internal.MethodInvocationHelper.invokeMethod(MethodInvocationHelper.java:124)
at org.testng.internal.Invoker.invokeMethod(Invoker.java:583)
at org.testng.internal.Invoker.invokeTestMethod(Invoker.java:719)
at org.testng.internal.Invoker.invokeTestMethods(Invoker.java:989)
at org.testng.internal.TestMethodWorker.invokeTestMethods(TestMethodWorker.java:125)
at org.testng.internal.TestMethodWorker.run(TestMethodWorker.java:109)
at org.testng.TestRunner.privateRun(TestRunner.java:648)
at org.testng.TestRunner.run(TestRunner.java:505)
at org.testng.SuiteRunner.runTest(SuiteRunner.java:455)
at org.testng.SuiteRunner.runSequentially(SuiteRunner.java:450)
at org.testng.SuiteRunner.privateRun(SuiteRunner.java:415)
at org.testng.SuiteRunner.run(SuiteRunner.java:364)
at org.testng.SuiteRunnerWorker.runSuite(SuiteRunnerWorker.java:52)
at org.testng.SuiteRunnerWorker.run(SuiteRunnerWorker.java:84)
at org.testng.TestNG.runSuitesSequentially(TestNG.java:1208)
at org.testng.TestNG.runSuitesLocally(TestNG.java:1137)
at org.testng.TestNG.runSuites(TestNG.java:1049)
at org.testng.TestNG.run(TestNG.java:1017)
at org.testng.remote.AbstractRemoteTestNG.run(AbstractRemoteTestNG.java:132)
at org.testng.remote.RemoteTestNG.initAndRun(RemoteTestNG.java:230)
at org.testng.remote.RemoteTestNG.main(RemoteTestNG.java:76)
]]>
            </full-stacktrace>
          </exception> <!-- java.lang.AssertionError -->
          <reporter-output>
          </reporter-output>
        </test-method> <!-- authorization -->
        <test-method status="PASS" signature="tearDown()[pri:0, instance:TestCases.DefaultPartialpaymentTest@148080bb]" name="tearDown" is-config="true" duration-ms="4388" started-at="2024-12-25T05:24:40Z" finished-at="2024-12-25T05:24:44Z">
          <reporter-output>
          </reporter-output>
        </test-method> <!-- tearDown -->
      </class> <!-- TestCases.DefaultPartialpaymentTest -->
    </test> <!-- Default test -->
  </suite> <!-- Default suite -->
</testng-results>
